[   53747ms] [ERROR] `DialogContent` requires a `DialogTitle` for the component to be accessible for screen reader users.

If you want to hide the `DialogTitle`, you can wrap it with our VisuallyHidden component.

For more information, see https://radix-ui.com/primitives/docs/components/dialog @ https://www.humendhr.com/_next/static/chunks/88c95eda5da7e37f.js:4
[   53748ms] [WARNING] Warning: Missing `Description` or `aria-describedby={undefined}` for {DialogContent}. @ https://www.humendhr.com/_next/static/chunks/88c95eda5da7e37f.js:4
[   77517ms] [WARNING] Warning: Missing `Description` or `aria-describedby={undefined}` for {DialogContent}. @ https://www.humendhr.com/_next/static/chunks/88c95eda5da7e37f.js:4
[  120542ms] [ERROR] `DialogContent` requires a `DialogTitle` for the component to be accessible for screen reader users.

If you want to hide the `DialogTitle`, you can wrap it with our VisuallyHidden component.

For more information, see https://radix-ui.com/primitives/docs/components/dialog @ https://www.humendhr.com/_next/static/chunks/88c95eda5da7e37f.js:4
[  120542ms] [WARNING] Warning: Missing `Description` or `aria-describedby={undefined}` for {DialogContent}. @ https://www.humendhr.com/_next/static/chunks/88c95eda5da7e37f.js:4
[  325045ms] [WARNING] Warning: Missing `Description` or `aria-describedby={undefined}` for {DialogContent}. @ https://www.humendhr.com/_next/static/chunks/88c95eda5da7e37f.js:4
[  825808ms] [WARNING] Warning: Missing `Description` or `aria-describedby={undefined}` for {DialogContent}. @ https://www.humendhr.com/_next/static/chunks/88c95eda5da7e37f.js:4
[  831244ms] [WARNING] Warning: Missing `Description` or `aria-describedby={undefined}` for {DialogContent}. @ https://www.humendhr.com/_next/static/chunks/88c95eda5da7e37f.js:4
[  834602ms] [WARNING] Warning: Missing `Description` or `aria-describedby={undefined}` for {DialogContent}. @ https://www.humendhr.com/_next/static/chunks/88c95eda5da7e37f.js:4
[  944837ms] [WARNING] Warning: Missing `Description` or `aria-describedby={undefined}` for {DialogContent}. @ https://www.humendhr.com/_next/static/chunks/88c95eda5da7e37f.js:4
[ 1026154ms] [WARNING] Warning: Missing `Description` or `aria-describedby={undefined}` for {DialogContent}. @ https://www.humendhr.com/_next/static/chunks/88c95eda5da7e37f.js:4
[ 1029042ms] [WARNING] Warning: Missing `Description` or `aria-describedby={undefined}` for {DialogContent}. @ https://www.humendhr.com/_next/static/chunks/88c95eda5da7e37f.js:4
[ 1033314ms] [WARNING] Warning: Missing `Description` or `aria-describedby={undefined}` for {DialogContent}. @ https://www.humendhr.com/_next/static/chunks/88c95eda5da7e37f.js:4
[ 1037492ms] [WARNING] Warning: Missing `Description` or `aria-describedby={undefined}` for {DialogContent}. @ https://www.humendhr.com/_next/static/chunks/88c95eda5da7e37f.js:4
[ 2555853ms] [ERROR] `DialogContent` requires a `DialogTitle` for the component to be accessible for screen reader users.

If you want to hide the `DialogTitle`, you can wrap it with our VisuallyHidden component.

For more information, see https://radix-ui.com/primitives/docs/components/dialog @ https://www.humendhr.com/_next/static/chunks/88c95eda5da7e37f.js:4
[ 2555854ms] [WARNING] Warning: Missing `Description` or `aria-describedby={undefined}` for {DialogContent}. @ https://www.humendhr.com/_next/static/chunks/88c95eda5da7e37f.js:4
[ 2561670ms] [ERROR] `DialogContent` requires a `DialogTitle` for the component to be accessible for screen reader users.

If you want to hide the `DialogTitle`, you can wrap it with our VisuallyHidden component.

For more information, see https://radix-ui.com/primitives/docs/components/dialog @ https://www.humendhr.com/_next/static/chunks/88c95eda5da7e37f.js:4
[ 2561670ms] [WARNING] Warning: Missing `Description` or `aria-describedby={undefined}` for {DialogContent}. @ https://www.humendhr.com/_next/static/chunks/88c95eda5da7e37f.js:4
[ 2566445ms] [ERROR] `DialogContent` requires a `DialogTitle` for the component to be accessible for screen reader users.

If you want to hide the `DialogTitle`, you can wrap it with our VisuallyHidden component.

For more information, see https://radix-ui.com/primitives/docs/components/dialog @ https://www.humendhr.com/_next/static/chunks/88c95eda5da7e37f.js:4
[ 2566446ms] [WARNING] Warning: Missing `Description` or `aria-describedby={undefined}` for {DialogContent}. @ https://www.humendhr.com/_next/static/chunks/88c95eda5da7e37f.js:4
[ 3198733ms] [ERROR] `DialogContent` requires a `DialogTitle` for the component to be accessible for screen reader users.

If you want to hide the `DialogTitle`, you can wrap it with our VisuallyHidden component.

For more information, see https://radix-ui.com/primitives/docs/components/dialog @ https://www.humendhr.com/_next/static/chunks/88c95eda5da7e37f.js:4
[ 3198734ms] [WARNING] Warning: Missing `Description` or `aria-describedby={undefined}` for {DialogContent}. @ https://www.humendhr.com/_next/static/chunks/88c95eda5da7e37f.js:4
[ 3201516ms] [WARNING] Warning: Missing `Description` or `aria-describedby={undefined}` for {DialogContent}. @ https://www.humendhr.com/_next/static/chunks/88c95eda5da7e37f.js:4
[ 3598512ms] [WARNING] Warning: Missing `Description` or `aria-describedby={undefined}` for {DialogContent}. @ https://www.humendhr.com/_next/static/chunks/88c95eda5da7e37f.js:4
[ 3601827ms] [WARNING] Warning: Missing `Description` or `aria-describedby={undefined}` for {DialogContent}. @ https://www.humendhr.com/_next/static/chunks/88c95eda5da7e37f.js:4
[ 3607718ms] [WARNING] Warning: Missing `Description` or `aria-describedby={undefined}` for {DialogContent}. @ https://www.humendhr.com/_next/static/chunks/88c95eda5da7e37f.js:4
[ 3614799ms] [WARNING] Warning: Missing `Description` or `aria-describedby={undefined}` for {DialogContent}. @ https://www.humendhr.com/_next/static/chunks/88c95eda5da7e37f.js:4
[ 3618809ms] [WARNING] Warning: Missing `Description` or `aria-describedby={undefined}` for {DialogContent}. @ https://www.humendhr.com/_next/static/chunks/88c95eda5da7e37f.js:4
[ 3622669ms] [WARNING] Warning: Missing `Description` or `aria-describedby={undefined}` for {DialogContent}. @ https://www.humendhr.com/_next/static/chunks/88c95eda5da7e37f.js:4
[ 3626379ms] [WARNING] Warning: Missing `Description` or `aria-describedby={undefined}` for {DialogContent}. @ https://www.humendhr.com/_next/static/chunks/88c95eda5da7e37f.js:4
[ 3707137ms] [ERROR] `DialogContent` requires a `DialogTitle` for the component to be accessible for screen reader users.

If you want to hide the `DialogTitle`, you can wrap it with our VisuallyHidden component.

For more information, see https://radix-ui.com/primitives/docs/components/dialog @ https://www.humendhr.com/_next/static/chunks/88c95eda5da7e37f.js:4
[ 3707137ms] [WARNING] Warning: Missing `Description` or `aria-describedby={undefined}` for {DialogContent}. @ https://www.humendhr.com/_next/static/chunks/88c95eda5da7e37f.js:4
[ 3726999ms] [ERROR] `DialogContent` requires a `DialogTitle` for the component to be accessible for screen reader users.

If you want to hide the `DialogTitle`, you can wrap it with our VisuallyHidden component.

For more information, see https://radix-ui.com/primitives/docs/components/dialog @ https://www.humendhr.com/_next/static/chunks/88c95eda5da7e37f.js:4
[ 3726999ms] [WARNING] Warning: Missing `Description` or `aria-describedby={undefined}` for {DialogContent}. @ https://www.humendhr.com/_next/static/chunks/88c95eda5da7e37f.js:4
[ 3953340ms] [ERROR] `DialogContent` requires a `DialogTitle` for the component to be accessible for screen reader users.

If you want to hide the `DialogTitle`, you can wrap it with our VisuallyHidden component.

For more information, see https://radix-ui.com/primitives/docs/components/dialog @ https://www.humendhr.com/_next/static/chunks/88c95eda5da7e37f.js:4
[ 3953340ms] [WARNING] Warning: Missing `Description` or `aria-describedby={undefined}` for {DialogContent}. @ https://www.humendhr.com/_next/static/chunks/88c95eda5da7e37f.js:4
[ 5015584ms] [WARNING] Warning: Missing `Description` or `aria-describedby={undefined}` for {DialogContent}. @ https://www.humendhr.com/_next/static/chunks/88c95eda5da7e37f.js:4
[ 5023005ms] [WARNING] Warning: Missing `Description` or `aria-describedby={undefined}` for {DialogContent}. @ https://www.humendhr.com/_next/static/chunks/88c95eda5da7e37f.js:4
[ 5109516ms] [WARNING] Warning: Missing `Description` or `aria-describedby={undefined}` for {DialogContent}. @ https://www.humendhr.com/_next/static/chunks/88c95eda5da7e37f.js:4
[ 5114689ms] [WARNING] Warning: Missing `Description` or `aria-describedby={undefined}` for {DialogContent}. @ https://www.humendhr.com/_next/static/chunks/88c95eda5da7e37f.js:4
[ 5119654ms] [WARNING] [tiptap warn]: Duplicate extension names found: ['link', 'underline']. This can lead to issues. @ https://www.humendhr.com/_next/static/chunks/0bda06099647d0fd.js:0
[ 5119663ms] [WARNING] Warning: Missing `Description` or `aria-describedby={undefined}` for {DialogContent}. @ https://www.humendhr.com/_next/static/chunks/88c95eda5da7e37f.js:4
[ 5555059ms] [WARNING] The resource https://www.humendhr.com/_next/static/chunks/850219f8fe33b10c.css was preloaded using link preload but not used within a few seconds from the window's load event. Please make sure it has an appropriate `as` value and it is preloaded intentionally. @ https://www.humendhr.com/admin/clients:0
[ 5597421ms] [WARNING] Warning: Missing `Description` or `aria-describedby={undefined}` for {DialogContent}. @ https://www.humendhr.com/_next/static/chunks/88c95eda5da7e37f.js:4
[ 5604298ms] [WARNING] [tiptap warn]: Duplicate extension names found: ['link', 'underline']. This can lead to issues. @ https://www.humendhr.com/_next/static/chunks/0bda06099647d0fd.js:0
[ 5604310ms] [WARNING] Warning: Missing `Description` or `aria-describedby={undefined}` for {DialogContent}. @ https://www.humendhr.com/_next/static/chunks/88c95eda5da7e37f.js:4
[ 5608594ms] [WARNING] [tiptap warn]: Duplicate extension names found: ['link', 'underline']. This can lead to issues. @ https://www.humendhr.com/_next/static/chunks/0bda06099647d0fd.js:0
[ 5618723ms] [WARNING] [tiptap warn]: Duplicate extension names found: ['link', 'underline']. This can lead to issues. @ https://www.humendhr.com/_next/static/chunks/0bda06099647d0fd.js:0
[ 5618732ms] [WARNING] [tiptap warn]: Duplicate extension names found: ['link', 'underline']. This can lead to issues. @ https://www.humendhr.com/_next/static/chunks/0bda06099647d0fd.js:0
[ 5618735ms] [WARNING] Warning: Missing `Description` or `aria-describedby={undefined}` for {DialogContent}. @ https://www.humendhr.com/_next/static/chunks/88c95eda5da7e37f.js:4
[ 5618756ms] [WARNING] As of February 21st, 2024, google.maps.Marker is deprecated. Please use google.maps.marker.AdvancedMarkerElement instead. At this time, google.maps.Marker is not scheduled to be discontinued, but google.maps.marker.AdvancedMarkerElement is recommended over google.maps.Marker. While google.maps.Marker will continue to receive bug fixes for any major regressions, existing bugs in google.maps.Marker will not be addressed. At least 12 months notice will be given before support is discontinued. Please see https://developers.google.com/maps/deprecations for additional details and https://developers.google.com/maps/documentation/javascript/advanced-markers/migration for the migration guide. @ https://maps.googleapis.com/maps-api-v3/api/js/64/1c/intl/ko_ALL/main.js:414
[ 7177333ms] [ERROR] `DialogContent` requires a `DialogTitle` for the component to be accessible for screen reader users.

If you want to hide the `DialogTitle`, you can wrap it with our VisuallyHidden component.

For more information, see https://radix-ui.com/primitives/docs/components/dialog @ https://www.humendhr.com/_next/static/chunks/88c95eda5da7e37f.js:4
[ 7177334ms] [WARNING] Warning: Missing `Description` or `aria-describedby={undefined}` for {DialogContent}. @ https://www.humendhr.com/_next/static/chunks/88c95eda5da7e37f.js:4
