[     503ms] [WARNING] As of February 21st, 2024, google.maps.Marker is deprecated. Please use google.maps.marker.AdvancedMarkerElement instead. At this time, google.maps.Marker is not scheduled to be discontinued, but google.maps.marker.AdvancedMarkerElement is recommended over google.maps.Marker. While google.maps.Marker will continue to receive bug fixes for any major regressions, existing bugs in google.maps.Marker will not be addressed. At least 12 months notice will be given before support is discontinued. Please see https://developers.google.com/maps/deprecations for additional details and https://developers.google.com/maps/documentation/javascript/advanced-markers/migration for the migration guide. @ http://localhost:3000/_next/static/chunks/node_modules_next_dist_f3530cac._.js:2297
[  230083ms] [WARNING] Warning: Missing `Description` or `aria-describedby={undefined}` for {DialogContent}. @ http://localhost:3000/_next/static/chunks/node_modules_next_dist_f3530cac._.js:2297
[  230085ms] [WARNING] Warning: Missing `Description` or `aria-describedby={undefined}` for {DialogContent}. @ http://localhost:3000/_next/static/chunks/node_modules_next_dist_f3530cac._.js:2297
[  270771ms] [WARNING] WebSocket connection to 'wss://smfdsrinjtvsvtiimtqv.supabase.co/realtime/v1/websocket?apikey=eyJhbGciOiJIUzI1NiIsInR5cCI6IkpXVCJ9.eyJpc3MiOiJzdXBhYmFzZSIsInJlZiI6InNtZmRzcmluanR2c3Z0aWltdHF2Iiwicm9sZSI6ImFub24iLCJpYXQiOjE3NzA4MDQ3NjgsImV4cCI6MjA4NjM4MDc2OH0.4qu3Y_YHEUYmA6CJ5QNSz5y1afC1UIOmq7ZLveS2Agc&vsn=2.0.0' failed: WebSocket is closed before the connection is established. @ http://localhost:3000/_next/static/chunks/node_modules_0f50aff6._.js:4635
[  329082ms] [WARNING] WebSocket connection to 'wss://smfdsrinjtvsvtiimtqv.supabase.co/realtime/v1/websocket?apikey=eyJhbGciOiJIUzI1NiIsInR5cCI6IkpXVCJ9.eyJpc3MiOiJzdXBhYmFzZSIsInJlZiI6InNtZmRzcmluanR2c3Z0aWltdHF2Iiwicm9sZSI6ImFub24iLCJpYXQiOjE3NzA4MDQ3NjgsImV4cCI6MjA4NjM4MDc2OH0.4qu3Y_YHEUYmA6CJ5QNSz5y1afC1UIOmq7ZLveS2Agc&vsn=2.0.0' failed: WebSocket is closed before the connection is established. @ http://localhost:3000/_next/static/chunks/node_modules_0f50aff6._.js:4635
[  335708ms] [ERROR] %o

%s ReferenceError: Cannot access 'fitBoundsToShifts' before initialization
    at TrackingMap (http://localhost:3000/_next/static/chunks/src_dec8b912._.js?id=%255Bproject%255D%252Fsrc%252Fapp%252Fadmin%252Ftracking%252Ftracking-map.tsx+%255Bapp-client%255D+%2528ecmascript%2529:108:9)
    at Object.react_stack_bottom_frame (http://localhost:3000/_next/static/chunks/node_modules_next_dist_compiled_react-dom_1e674e59._.js:14826:24)
    at renderWithHooks (http://localhost:3000/_next/static/chunks/node_modules_next_dist_compiled_react-dom_1e674e59._.js:4651:24)
    at updateFunctionComponent (http://localhost:3000/_next/static/chunks/node_modules_next_dist_compiled_react-dom_1e674e59._.js:6112:21)
    at beginWork (http://localhost:3000/_next/static/chunks/node_modules_next_dist_compiled_react-dom_1e674e59._.js:6708:24)
    at runWithFiberInDEV (http://localhost:3000/_next/static/chunks/node_modules_next_dist_compiled_react-dom_1e674e59._.js:965:74)
    at performUnitOfWork (http://localhost:3000/_next/static/chunks/node_modules_next_dist_compiled_react-dom_1e674e59._.js:9562:97)
    at workLoopSync (http://localhost:3000/_next/static/chunks/node_modules_next_dist_compiled_react-dom_1e674e59._.js:9456:40)
    at renderRootSync (http://localhost:3000/_next/static/chunks/node_modules_next_dist_compiled_react-dom_1e674e59._.js:9440:13)
    at performWorkOnRoot (http://localhost:3000/_next/static/chunks/node_modules_next_dist_compiled_react-dom_1e674e59._.js:9105:47)
    at performSyncWorkOnRoot (http://localhost:3000/_next/static/chunks/node_modules_next_dist_compiled_react-dom_1e674e59._.js:10238:9)
    at flushSyncWorkAcrossRoots_impl (http://localhost:3000/_next/static/chunks/node_modules_next_dist_compiled_react-dom_1e674e59._.js:10154:316)
    at flushSyncWork$1 (http://localhost:3000/_next/static/chunks/node_modules_next_dist_compiled_react-dom_1e674e59._.js:9237:86)
    at Object.scheduleRefresh (http://localhost:3000/_next/static/chunks/node_modules_next_dist_compiled_react-dom_1e674e59._.js:299:13)
    at http://localhost:3000/_next/static/chunks/node_modules_next_dist_compiled_a0e4c7b4._.js:391:33
    at Set.forEach (<anonymous>)
    at Object.performReactRefresh (http://localhost:3000/_next/static/chunks/node_modules_next_dist_compiled_a0e4c7b4._.js:384:38)
    at applyUpdate (http://localhost:3000/_next/static/chunks/node_modules_next_dist_compiled_a0e4c7b4._.js:878:31)
    at http://localhost:3000/_next/static/chunks/node_modules_next_dist_compiled_a0e4c7b4._.js:886:13 The above error occurred in the <TrackingMap> component. It was handled by the <ErrorBoundaryHandler> error boundary. @ http://localhost:3000/_next/static/chunks/node_modules_next_dist_client_17643121._.js:1342
[  353203ms] [ERROR] %o

%s ReferenceError: Cannot access 'fitBoundsToShifts' before initialization
    at TrackingMap (http://localhost:3000/_next/static/chunks/src_dec8b912._.js?id=%255Bproject%255D%252Fsrc%252Fapp%252Fadmin%252Ftracking%252Ftracking-map.tsx+%255Bapp-client%255D+%2528ecmascript%2529:108:9)
    at Object.react_stack_bottom_frame (http://localhost:3000/_next/static/chunks/node_modules_next_dist_compiled_react-dom_1e674e59._.js:14826:24)
    at renderWithHooks (http://localhost:3000/_next/static/chunks/node_modules_next_dist_compiled_react-dom_1e674e59._.js:4651:24)
    at updateFunctionComponent (http://localhost:3000/_next/static/chunks/node_modules_next_dist_compiled_react-dom_1e674e59._.js:6112:21)
    at beginWork (http://localhost:3000/_next/static/chunks/node_modules_next_dist_compiled_react-dom_1e674e59._.js:6708:24)
    at runWithFiberInDEV (http://localhost:3000/_next/static/chunks/node_modules_next_dist_compiled_react-dom_1e674e59._.js:965:74)
    at performUnitOfWork (http://localhost:3000/_next/static/chunks/node_modules_next_dist_compiled_react-dom_1e674e59._.js:9562:97)
    at workLoopSync (http://localhost:3000/_next/static/chunks/node_modules_next_dist_compiled_react-dom_1e674e59._.js:9456:40)
    at renderRootSync (http://localhost:3000/_next/static/chunks/node_modules_next_dist_compiled_react-dom_1e674e59._.js:9440:13)
    at performWorkOnRoot (http://localhost:3000/_next/static/chunks/node_modules_next_dist_compiled_react-dom_1e674e59._.js:9105:47)
    at performSyncWorkOnRoot (http://localhost:3000/_next/static/chunks/node_modules_next_dist_compiled_react-dom_1e674e59._.js:10238:9)
    at flushSyncWorkAcrossRoots_impl (http://localhost:3000/_next/static/chunks/node_modules_next_dist_compiled_react-dom_1e674e59._.js:10154:316)
    at processRootScheduleInMicrotask (http://localhost:3000/_next/static/chunks/node_modules_next_dist_compiled_react-dom_1e674e59._.js:10175:106)
    at http://localhost:3000/_next/static/chunks/node_modules_next_dist_compiled_react-dom_1e674e59._.js:10249:158 The above error occurred in the <TrackingMap> component. It was handled by the <ErrorBoundaryHandler> error boundary. @ http://localhost:3000/_next/static/chunks/node_modules_next_dist_client_17643121._.js:1342
[  373976ms] [ERROR] ./src/app/admin/tracking/tracking-map.tsx:144:9
Ecmascript file had an error
  142 |   }, []);
  143 |
> 144 |   const fitBoundsToShifts = useCallback((map: google.maps.Map, data: DailyShiftWithDetails[]) => {
      |         ^^^^^^^^^^^^^^^^^
  145 |     if (data.length === 0) return;
  146 |     const bounds = new google.maps.LatLngBounds();
  147 |     let hasPoint = false;

the name `fitBoundsToShifts` is defined multiple times

Import traces:
  Client Component Browser:
    ./src/app/admin/tracking/tracking-map.tsx [Client Component Browser]
    ./src/app/admin/test/test-client.tsx [Client Component Browser]
    ./src/app/admin/test/test-client.tsx [Server Component]
    ./src/app/admin/test/page.tsx [Server Component]

  Client Component SSR:
    ./src/app/admin/tracking/tracking-map.tsx [Client Component SSR]
    ./src/app/admin/test/test-client.tsx [Client Component SSR]
    ./src/app/admin/test/test-client.tsx [Server Component]
    ./src/app/admin/test/page.tsx [Server Component] @ http://localhost:3000/_next/static/chunks/node_modules_next_dist_f3530cac._.js:3127
[  723615ms] [WARNING] Warning: Missing `Description` or `aria-describedby={undefined}` for {DialogContent}. @ http://localhost:3000/_next/static/chunks/node_modules_next_dist_f3530cac._.js:2297
[  723617ms] [WARNING] Warning: Missing `Description` or `aria-describedby={undefined}` for {DialogContent}. @ http://localhost:3000/_next/static/chunks/node_modules_next_dist_f3530cac._.js:2297
[ 2623490ms] [WARNING] [Fast Refresh] performing full reload

Fast Refresh will perform a full reload when you edit a file that's imported by modules outside of the React rendering tree.
You might have a file which exports a React component but also exports a value that is imported by a non-React component file.
Consider migrating the non-React component export to a separate file and importing it into both files.

It is also possible the parent component of the component you edited is a class component, which disables Fast Refresh.
Fast Refresh requires at least one parent function component in your React tree. @ http://localhost:3000/_next/static/chunks/node_modules_next_dist_f3530cac._.js:2297
[ 2679068ms] [ERROR] ./src/app/admin/tracking/tracking-map.tsx:186:9
Ecmascript file had an error
  184 |   }, []);
  185 |
> 186 |   const createClientMarkers = useCallback((map: google.maps.Map, data: DailyShiftWithDetails[]) => {
      |         ^^^^^^^^^^^^^^^^^^^
  187 |     clientMarkersRef.current.forEach((m) => m.setMap(null));
  188 |     clientMarkersRef.current = [];
  189 |

the name `createClientMarkers` is defined multiple times

Import traces:
  Client Component Browser:
    ./src/app/admin/tracking/tracking-map.tsx [Client Component Browser]
    ./src/app/admin/test/test-client.tsx [Client Component Browser]
    ./src/app/admin/test/test-client.tsx [Server Component]
    ./src/app/admin/test/page.tsx [Server Component]

  Client Component SSR:
    ./src/app/admin/tracking/tracking-map.tsx [Client Component SSR]
    ./src/app/admin/test/test-client.tsx [Client Component SSR]
    ./src/app/admin/test/test-client.tsx [Server Component]
    ./src/app/admin/test/page.tsx [Server Component] @ http://localhost:3000/_next/static/chunks/node_modules_next_dist_f3530cac._.js:3127
[ 4477655ms] [ERROR] WebSocket connection to 'ws://localhost:3000/_next/webpack-hmr?id=F59Mx-5wpjVuNmJ2KAKgT' failed: Error in connection establishment: net::ERR_CONNECTION_REFUSED @ http://localhost:3000/_next/static/chunks/node_modules_next_dist_client_17643121._.js:10878
[ 4478658ms] [ERROR] WebSocket connection to 'ws://localhost:3000/_next/webpack-hmr?id=F59Mx-5wpjVuNmJ2KAKgT' failed: Error in connection establishment: net::ERR_CONNECTION_REFUSED @ http://localhost:3000/_next/static/chunks/node_modules_next_dist_client_17643121._.js:10878
[ 4479661ms] [ERROR] WebSocket connection to 'ws://localhost:3000/_next/webpack-hmr?id=F59Mx-5wpjVuNmJ2KAKgT' failed: Error in connection establishment: net::ERR_CONNECTION_REFUSED @ http://localhost:3000/_next/static/chunks/node_modules_next_dist_client_17643121._.js:10878
[ 4480665ms] [ERROR] WebSocket connection to 'ws://localhost:3000/_next/webpack-hmr?id=F59Mx-5wpjVuNmJ2KAKgT' failed: Error in connection establishment: net::ERR_CONNECTION_REFUSED @ http://localhost:3000/_next/static/chunks/node_modules_next_dist_client_17643121._.js:10878
[ 4481670ms] [ERROR] WebSocket connection to 'ws://localhost:3000/_next/webpack-hmr?id=F59Mx-5wpjVuNmJ2KAKgT' failed: Error in connection establishment: net::ERR_CONNECTION_REFUSED @ http://localhost:3000/_next/static/chunks/node_modules_next_dist_client_17643121._.js:10878
[ 4486677ms] [ERROR] WebSocket connection to 'ws://localhost:3000/_next/webpack-hmr?id=F59Mx-5wpjVuNmJ2KAKgT' failed: Error in connection establishment: net::ERR_CONNECTION_REFUSED @ http://localhost:3000/_next/static/chunks/node_modules_next_dist_client_17643121._.js:10878
[ 4491686ms] [ERROR] WebSocket connection to 'ws://localhost:3000/_next/webpack-hmr?id=F59Mx-5wpjVuNmJ2KAKgT' failed: Error in connection establishment: net::ERR_CONNECTION_REFUSED @ http://localhost:3000/_next/static/chunks/node_modules_next_dist_client_17643121._.js:10878
[ 4496703ms] [ERROR] WebSocket connection to 'ws://localhost:3000/_next/webpack-hmr?id=F59Mx-5wpjVuNmJ2KAKgT' failed: Error in connection establishment: net::ERR_CONNECTION_REFUSED @ http://localhost:3000/_next/static/chunks/node_modules_next_dist_client_17643121._.js:10878
[ 4501723ms] [ERROR] WebSocket connection to 'ws://localhost:3000/_next/webpack-hmr?id=F59Mx-5wpjVuNmJ2KAKgT' failed: Error in connection establishment: net::ERR_CONNECTION_REFUSED @ http://localhost:3000/_next/static/chunks/node_modules_next_dist_client_17643121._.js:10878
[ 4506769ms] [ERROR] WebSocket connection to 'ws://localhost:3000/_next/webpack-hmr?id=F59Mx-5wpjVuNmJ2KAKgT' failed: Error in connection establishment: net::ERR_CONNECTION_REFUSED @ http://localhost:3000/_next/static/chunks/node_modules_next_dist_client_17643121._.js:10878
[ 4511858ms] [ERROR] WebSocket connection to 'ws://localhost:3000/_next/webpack-hmr?id=F59Mx-5wpjVuNmJ2KAKgT' failed: Error in connection establishment: net::ERR_CONNECTION_REFUSED @ http://localhost:3000/_next/static/chunks/node_modules_next_dist_client_17643121._.js:10878
[ 4517143ms] [ERROR] WebSocket connection to 'ws://localhost:3000/_next/webpack-hmr?id=F59Mx-5wpjVuNmJ2KAKgT' failed: Error in connection establishment: net::ERR_CONNECTION_REFUSED @ http://localhost:3000/_next/static/chunks/node_modules_next_dist_client_17643121._.js:10878
