[    1682ms] [ERROR]  Note that 'script-src' was not explicitly set, so 'default-src' is used as a fallback. @ https://challenges.cloudflare.com/cdn-cgi/challenge-platform/h/g/turnstile/f/ov2/av0/rch/8z7al/0x4AAAAAAAIVf3Y5hIm-FfxH/auto/fbE/new/normal?lang=auto:0
[    1804ms] [ERROR] Failed to load resource: the server responded with a status of 401 () @ https://challenges.cloudflare.com/cdn-cgi/challenge-platform/h/g/pat/9d11ca81c8d53091/1771630218733/81f2bc90e85ee6dc3a10cb3b1395554aaf45152d73ff4ce5b7b3af52c9fa7771/9xqzOyQ4m-Wrbk7:0
[    1881ms] [ERROR] %c%d font-size:0;color:transparent NaN @ https://challenges.cloudflare.com/cdn-cgi/challenge-platform/h/g/turnstile/f/ov2/av0/rch/8z7al/0x4AAAAAAAIVf3Y5hIm-FfxH/auto/fbE/new/normal?lang=auto:0
[    1881ms] [ERROR] %c%d font-size:0;color:transparent NaN @ https://challenges.cloudflare.com/cdn-cgi/challenge-platform/h/g/turnstile/f/ov2/av0/rch/8z7al/0x4AAAAAAAIVf3Y5hIm-FfxH/auto/fbE/new/normal?lang=auto:0
[    1881ms] [WARNING] %c%d font-size:0;color:transparent NaN @ https://challenges.cloudflare.com/cdn-cgi/challenge-platform/h/g/turnstile/f/ov2/av0/rch/8z7al/0x4AAAAAAAIVf3Y5hIm-FfxH/auto/fbE/new/normal?lang=auto:0
[    1881ms] [WARNING] %c%d font-size:0;color:transparent NaN @ https://challenges.cloudflare.com/cdn-cgi/challenge-platform/h/g/turnstile/f/ov2/av0/rch/8z7al/0x4AAAAAAAIVf3Y5hIm-FfxH/auto/fbE/new/normal?lang=auto:0
[    5265ms] [WARNING] The resource https://challenges.cloudflare.com/cdn-cgi/challenge-platform/h/g/cmg/1 was preloaded using link preload but not used within a few seconds from the window's load event. Please make sure it has an appropriate `as` value and it is preloaded intentionally. @ https://challenges.cloudflare.com/cdn-cgi/challenge-platform/h/g/turnstile/f/ov2/av0/rch/8z7al/0x4AAAAAAAIVf3Y5hIm-FfxH/auto/fbE/new/normal?lang=auto:0
[    7195ms] [ERROR] %c%d font-size:0;color:transparent NaN @ https://challenges.cloudflare.com/cdn-cgi/challenge-platform/h/g/turnstile/f/ov2/av0/rch/8cehj/0x4AAAAAAAIVf3Y5hIm-FfxH/auto/fbE/new/normal?lang=auto:0
[    7195ms] [ERROR] %c%d font-size:0;color:transparent NaN @ https://challenges.cloudflare.com/cdn-cgi/challenge-platform/h/g/turnstile/f/ov2/av0/rch/8cehj/0x4AAAAAAAIVf3Y5hIm-FfxH/auto/fbE/new/normal?lang=auto:0
[    7196ms] [WARNING] %c%d font-size:0;color:transparent NaN @ https://challenges.cloudflare.com/cdn-cgi/challenge-platform/h/g/turnstile/f/ov2/av0/rch/8cehj/0x4AAAAAAAIVf3Y5hIm-FfxH/auto/fbE/new/normal?lang=auto:0
[    7196ms] [WARNING] %c%d font-size:0;color:transparent NaN @ https://challenges.cloudflare.com/cdn-cgi/challenge-platform/h/g/turnstile/f/ov2/av0/rch/8cehj/0x4AAAAAAAIVf3Y5hIm-FfxH/auto/fbE/new/normal?lang=auto:0
[    7256ms] [ERROR] Failed to load resource: the server responded with a status of 401 () @ https://challenges.cloudflare.com/cdn-cgi/challenge-platform/h/g/pat/9d11caa42abc3091/1771630224216/2fbb38badad4286c41cbc3ee5d367ba065ad59f5e961eb9c475ad1accd3abecf/9mrSfaY6l_u7N5G:0
[    7268ms] [ERROR]  Note that 'script-src' was not explicitly set, so 'default-src' is used as a fallback. @ https://challenges.cloudflare.com/cdn-cgi/challenge-platform/h/g/turnstile/f/ov2/av0/rch/8cehj/0x4AAAAAAAIVf3Y5hIm-FfxH/auto/fbE/new/normal?lang=auto:0
[   10599ms] [WARNING] The resource https://challenges.cloudflare.com/cdn-cgi/challenge-platform/h/g/cmg/1 was preloaded using link preload but not used within a few seconds from the window's load event. Please make sure it has an appropriate `as` value and it is preloaded intentionally. @ https://challenges.cloudflare.com/cdn-cgi/challenge-platform/h/g/turnstile/f/ov2/av0/rch/8cehj/0x4AAAAAAAIVf3Y5hIm-FfxH/auto/fbE/new/normal?lang=auto:0
[   77570ms] [ERROR] Failed to load resource: the server responded with a status of 401 () @ https://challenges.cloudflare.com/cdn-cgi/challenge-platform/h/g/pat/9d11cc5c2baeea18/1771630294608/c04b86d56fb6f0531217b8eff979dd67da2d64623b6392e2d39cade476376412/eB3xseU0a4RPHBn:0
[   77590ms] [ERROR] %c%d font-size:0;color:transparent NaN @ https://challenges.cloudflare.com/cdn-cgi/challenge-platform/h/g/turnstile/f/ov2/av0/rch/phwy8/0x4AAAAAAAIVf3Y5hIm-FfxH/auto/fbE/new/normal?lang=auto:0
[   77591ms] [ERROR] %c%d font-size:0;color:transparent NaN @ https://challenges.cloudflare.com/cdn-cgi/challenge-platform/h/g/turnstile/f/ov2/av0/rch/phwy8/0x4AAAAAAAIVf3Y5hIm-FfxH/auto/fbE/new/normal?lang=auto:0
[   77591ms] [WARNING] %c%d font-size:0;color:transparent NaN @ https://challenges.cloudflare.com/cdn-cgi/challenge-platform/h/g/turnstile/f/ov2/av0/rch/phwy8/0x4AAAAAAAIVf3Y5hIm-FfxH/auto/fbE/new/normal?lang=auto:0
[   77591ms] [WARNING] %c%d font-size:0;color:transparent NaN @ https://challenges.cloudflare.com/cdn-cgi/challenge-platform/h/g/turnstile/f/ov2/av0/rch/phwy8/0x4AAAAAAAIVf3Y5hIm-FfxH/auto/fbE/new/normal?lang=auto:0
[   77613ms] [ERROR]  Note that 'script-src' was not explicitly set, so 'default-src' is used as a fallback. @ https://challenges.cloudflare.com/cdn-cgi/challenge-platform/h/g/turnstile/f/ov2/av0/rch/phwy8/0x4AAAAAAAIVf3Y5hIm-FfxH/auto/fbE/new/normal?lang=auto:0
[   81295ms] [ERROR] %c%d font-size:0;color:transparent NaN @ https://challenges.cloudflare.com/cdn-cgi/challenge-platform/h/g/turnstile/f/ov2/av0/rch/q6azj/0x4AAAAAAAIVf3Y5hIm-FfxH/auto/fbE/new/normal?lang=auto:0
[   81295ms] [ERROR] %c%d font-size:0;color:transparent NaN @ https://challenges.cloudflare.com/cdn-cgi/challenge-platform/h/g/turnstile/f/ov2/av0/rch/q6azj/0x4AAAAAAAIVf3Y5hIm-FfxH/auto/fbE/new/normal?lang=auto:0
[   81295ms] [WARNING] %c%d font-size:0;color:transparent NaN @ https://challenges.cloudflare.com/cdn-cgi/challenge-platform/h/g/turnstile/f/ov2/av0/rch/q6azj/0x4AAAAAAAIVf3Y5hIm-FfxH/auto/fbE/new/normal?lang=auto:0
[   81295ms] [WARNING] %c%d font-size:0;color:transparent NaN @ https://challenges.cloudflare.com/cdn-cgi/challenge-platform/h/g/turnstile/f/ov2/av0/rch/q6azj/0x4AAAAAAAIVf3Y5hIm-FfxH/auto/fbE/new/normal?lang=auto:0
[   81338ms] [ERROR]  Note that 'script-src' was not explicitly set, so 'default-src' is used as a fallback. @ https://challenges.cloudflare.com/cdn-cgi/challenge-platform/h/g/turnstile/f/ov2/av0/rch/q6azj/0x4AAAAAAAIVf3Y5hIm-FfxH/auto/fbE/new/normal?lang=auto:0
[   81467ms] [ERROR] Failed to load resource: the server responded with a status of 401 () @ https://challenges.cloudflare.com/cdn-cgi/challenge-platform/h/g/pat/9d11cc738939ea18/1771630298343/e644c6b1f6c6f302a507eab99281df7946e5e67496cc6c3b95c18bed449879b3/DEvylbZv-m4bDyD:0
[   84657ms] [WARNING] The resource https://challenges.cloudflare.com/cdn-cgi/challenge-platform/h/g/cmg/1 was preloaded using link preload but not used within a few seconds from the window's load event. Please make sure it has an appropriate `as` value and it is preloaded intentionally. @ https://challenges.cloudflare.com/cdn-cgi/challenge-platform/h/g/turnstile/f/ov2/av0/rch/q6azj/0x4AAAAAAAIVf3Y5hIm-FfxH/auto/fbE/new/normal?lang=auto:0
[  105440ms] [ERROR]  Note that 'script-src' was not explicitly set, so 'default-src' is used as a fallback. @ https://challenges.cloudflare.com/cdn-cgi/challenge-platform/h/g/turnstile/f/ov2/av0/rch/cgmy6/0x4AAAAAAAIVf3Y5hIm-FfxH/auto/fbE/new/normal?lang=auto:0
[  105635ms] [ERROR] %c%d font-size:0;color:transparent NaN @ https://challenges.cloudflare.com/cdn-cgi/challenge-platform/h/g/turnstile/f/ov2/av0/rch/cgmy6/0x4AAAAAAAIVf3Y5hIm-FfxH/auto/fbE/new/normal?lang=auto:0
[  105635ms] [ERROR] %c%d font-size:0;color:transparent NaN @ https://challenges.cloudflare.com/cdn-cgi/challenge-platform/h/g/turnstile/f/ov2/av0/rch/cgmy6/0x4AAAAAAAIVf3Y5hIm-FfxH/auto/fbE/new/normal?lang=auto:0
[  105636ms] [WARNING] %c%d font-size:0;color:transparent NaN @ https://challenges.cloudflare.com/cdn-cgi/challenge-platform/h/g/turnstile/f/ov2/av0/rch/cgmy6/0x4AAAAAAAIVf3Y5hIm-FfxH/auto/fbE/new/normal?lang=auto:0
[  105636ms] [WARNING] %c%d font-size:0;color:transparent NaN @ https://challenges.cloudflare.com/cdn-cgi/challenge-platform/h/g/turnstile/f/ov2/av0/rch/cgmy6/0x4AAAAAAAIVf3Y5hIm-FfxH/auto/fbE/new/normal?lang=auto:0
[  105732ms] [ERROR] Failed to load resource: the server responded with a status of 401 () @ https://challenges.cloudflare.com/cdn-cgi/challenge-platform/h/g/pat/9d11cd0a9a73ea18/1771630322516/cd5697e8c5161071897f8bdd8544ed120a9cdcb33eff377032bad4f91d3c4382/5O8lhU2O3LVjClN:0
[  108897ms] [WARNING] The resource https://challenges.cloudflare.com/cdn-cgi/challenge-platform/h/g/cmg/1 was preloaded using link preload but not used within a few seconds from the window's load event. Please make sure it has an appropriate `as` value and it is preloaded intentionally. @ https://challenges.cloudflare.com/cdn-cgi/challenge-platform/h/g/turnstile/f/ov2/av0/rch/cgmy6/0x4AAAAAAAIVf3Y5hIm-FfxH/auto/fbE/new/normal?lang=auto:0
[  118651ms] [ERROR] Failed to load resource: the server responded with a status of 401 () @ https://challenges.cloudflare.com/cdn-cgi/challenge-platform/h/g/pat/9d11cd5ca80eea18/1771630335643/a4e601dc264aa57a0db1a6d0471c97cc87efa91b12403ccdff810c775738fc4f/vceft3udgMvUaFx:0
[  118670ms] [ERROR] %c%d font-size:0;color:transparent NaN @ https://challenges.cloudflare.com/cdn-cgi/challenge-platform/h/g/turnstile/f/ov2/av0/rch/9v1qs/0x4AAAAAAAIVf3Y5hIm-FfxH/auto/fbE/new/normal?lang=auto:0
[  118670ms] [ERROR] %c%d font-size:0;color:transparent NaN @ https://challenges.cloudflare.com/cdn-cgi/challenge-platform/h/g/turnstile/f/ov2/av0/rch/9v1qs/0x4AAAAAAAIVf3Y5hIm-FfxH/auto/fbE/new/normal?lang=auto:0
[  118671ms] [WARNING] %c%d font-size:0;color:transparent NaN @ https://challenges.cloudflare.com/cdn-cgi/challenge-platform/h/g/turnstile/f/ov2/av0/rch/9v1qs/0x4AAAAAAAIVf3Y5hIm-FfxH/auto/fbE/new/normal?lang=auto:0
[  118671ms] [WARNING] %c%d font-size:0;color:transparent NaN @ https://challenges.cloudflare.com/cdn-cgi/challenge-platform/h/g/turnstile/f/ov2/av0/rch/9v1qs/0x4AAAAAAAIVf3Y5hIm-FfxH/auto/fbE/new/normal?lang=auto:0
[  118716ms] [ERROR]  Note that 'script-src' was not explicitly set, so 'default-src' is used as a fallback. @ https://challenges.cloudflare.com/cdn-cgi/challenge-platform/h/g/turnstile/f/ov2/av0/rch/9v1qs/0x4AAAAAAAIVf3Y5hIm-FfxH/auto/fbE/new/normal?lang=auto:0
[  122004ms] [WARNING] The resource https://challenges.cloudflare.com/cdn-cgi/challenge-platform/h/g/cmg/1 was preloaded using link preload but not used within a few seconds from the window's load event. Please make sure it has an appropriate `as` value and it is preloaded intentionally. @ https://challenges.cloudflare.com/cdn-cgi/challenge-platform/h/g/turnstile/f/ov2/av0/rch/9v1qs/0x4AAAAAAAIVf3Y5hIm-FfxH/auto/fbE/new/normal?lang=auto:0
[  125470ms] [ERROR] Failed to load resource: the server responded with a status of 401 () @ https://challenges.cloudflare.com/cdn-cgi/challenge-platform/h/g/pat/9d11cd87d812ea18/1771630342550/3a7ac9f4eef0d9f49e1884f92bece8041d190a510345a97d64b62b8eceb85548/u4Ik71-geETM1QO:0
[  125487ms] [ERROR]  Note that 'script-src' was not explicitly set, so 'default-src' is used as a fallback. @ https://challenges.cloudflare.com/cdn-cgi/challenge-platform/h/g/turnstile/f/ov2/av0/rch/kefm1/0x4AAAAAAAIVf3Y5hIm-FfxH/auto/fbE/new/normal?lang=auto:0
[  125638ms] [ERROR] %c%d font-size:0;color:transparent NaN @ https://challenges.cloudflare.com/cdn-cgi/challenge-platform/h/g/turnstile/f/ov2/av0/rch/kefm1/0x4AAAAAAAIVf3Y5hIm-FfxH/auto/fbE/new/normal?lang=auto:0
[  125638ms] [ERROR] %c%d font-size:0;color:transparent NaN @ https://challenges.cloudflare.com/cdn-cgi/challenge-platform/h/g/turnstile/f/ov2/av0/rch/kefm1/0x4AAAAAAAIVf3Y5hIm-FfxH/auto/fbE/new/normal?lang=auto:0
[  125638ms] [WARNING] %c%d font-size:0;color:transparent NaN @ https://challenges.cloudflare.com/cdn-cgi/challenge-platform/h/g/turnstile/f/ov2/av0/rch/kefm1/0x4AAAAAAAIVf3Y5hIm-FfxH/auto/fbE/new/normal?lang=auto:0
[  125638ms] [WARNING] %c%d font-size:0;color:transparent NaN @ https://challenges.cloudflare.com/cdn-cgi/challenge-platform/h/g/turnstile/f/ov2/av0/rch/kefm1/0x4AAAAAAAIVf3Y5hIm-FfxH/auto/fbE/new/normal?lang=auto:0
[  128891ms] [WARNING] The resource https://challenges.cloudflare.com/cdn-cgi/challenge-platform/h/g/cmg/1 was preloaded using link preload but not used within a few seconds from the window's load event. Please make sure it has an appropriate `as` value and it is preloaded intentionally. @ https://challenges.cloudflare.com/cdn-cgi/challenge-platform/h/g/turnstile/f/ov2/av0/rch/kefm1/0x4AAAAAAAIVf3Y5hIm-FfxH/auto/fbE/new/normal?lang=auto:0
[  416618ms] [ERROR] Failed to load resource: the server responded with a status of 401 () @ https://challenges.cloudflare.com/cdn-cgi/challenge-platform/h/g/pat/9d11d4a34d3cc9fd/1771630633668/73e82ab5550e2b018f3e393716ad7792191ef45786b2fc3c54baef6fffdc58ed/xEaeZL2GXHqfbRD:0
[  416637ms] [ERROR]  Note that 'script-src' was not explicitly set, so 'default-src' is used as a fallback. @ https://challenges.cloudflare.com/cdn-cgi/challenge-platform/h/g/turnstile/f/ov2/av0/rch/kefm1/0x4AAAAAAAIVf3Y5hIm-FfxH/auto/fbE/auto_expire/normal?lang=auto:0
[  416857ms] [ERROR] %c%d font-size:0;color:transparent NaN @ https://challenges.cloudflare.com/cdn-cgi/challenge-platform/h/g/turnstile/f/ov2/av0/rch/kefm1/0x4AAAAAAAIVf3Y5hIm-FfxH/auto/fbE/auto_expire/normal?lang=auto:0
[  416857ms] [ERROR] %c%d font-size:0;color:transparent NaN @ https://challenges.cloudflare.com/cdn-cgi/challenge-platform/h/g/turnstile/f/ov2/av0/rch/kefm1/0x4AAAAAAAIVf3Y5hIm-FfxH/auto/fbE/auto_expire/normal?lang=auto:0
[  416858ms] [WARNING] %c%d font-size:0;color:transparent NaN @ https://challenges.cloudflare.com/cdn-cgi/challenge-platform/h/g/turnstile/f/ov2/av0/rch/kefm1/0x4AAAAAAAIVf3Y5hIm-FfxH/auto/fbE/auto_expire/normal?lang=auto:0
[  416858ms] [WARNING] %c%d font-size:0;color:transparent NaN @ https://challenges.cloudflare.com/cdn-cgi/challenge-platform/h/g/turnstile/f/ov2/av0/rch/kefm1/0x4AAAAAAAIVf3Y5hIm-FfxH/auto/fbE/auto_expire/normal?lang=auto:0
[  420040ms] [WARNING] The resource https://challenges.cloudflare.com/cdn-cgi/challenge-platform/h/g/cmg/1 was preloaded using link preload but not used within a few seconds from the window's load event. Please make sure it has an appropriate `as` value and it is preloaded intentionally. @ https://challenges.cloudflare.com/cdn-cgi/challenge-platform/h/g/turnstile/f/ov2/av0/rch/kefm1/0x4AAAAAAAIVf3Y5hIm-FfxH/auto/fbE/auto_expire/normal?lang=auto:0
[  707894ms] [ERROR] %c%d font-size:0;color:transparent NaN @ https://challenges.cloudflare.com/cdn-cgi/challenge-platform/h/g/turnstile/f/ov2/av0/rch/kefm1/0x4AAAAAAAIVf3Y5hIm-FfxH/auto/fbE/auto_expire/normal?lang=auto:0
[  707894ms] [ERROR] %c%d font-size:0;color:transparent NaN @ https://challenges.cloudflare.com/cdn-cgi/challenge-platform/h/g/turnstile/f/ov2/av0/rch/kefm1/0x4AAAAAAAIVf3Y5hIm-FfxH/auto/fbE/auto_expire/normal?lang=auto:0
[  707895ms] [WARNING] %c%d font-size:0;color:transparent NaN @ https://challenges.cloudflare.com/cdn-cgi/challenge-platform/h/g/turnstile/f/ov2/av0/rch/kefm1/0x4AAAAAAAIVf3Y5hIm-FfxH/auto/fbE/auto_expire/normal?lang=auto:0
[  707897ms] [WARNING] %c%d font-size:0;color:transparent NaN @ https://challenges.cloudflare.com/cdn-cgi/challenge-platform/h/g/turnstile/f/ov2/av0/rch/kefm1/0x4AAAAAAAIVf3Y5hIm-FfxH/auto/fbE/auto_expire/normal?lang=auto:0
[  707920ms] [ERROR]  Note that 'script-src' was not explicitly set, so 'default-src' is used as a fallback. @ https://challenges.cloudflare.com/cdn-cgi/challenge-platform/h/g/turnstile/f/ov2/av0/rch/kefm1/0x4AAAAAAAIVf3Y5hIm-FfxH/auto/fbE/auto_expire/normal?lang=auto:0
[  708175ms] [ERROR] Failed to load resource: the server responded with a status of 401 () @ https://challenges.cloudflare.com/cdn-cgi/challenge-platform/h/g/pat/9d11dbbecbfcd1e5/1771630924828/4663e1147f8c989877e59bec12ad65faf5a9fcc385c4e42e9255b2e64659d03b/YzPPNSoVLnRl_dq:0
[  711350ms] [WARNING] The resource https://challenges.cloudflare.com/cdn-cgi/challenge-platform/h/g/cmg/1 was preloaded using link preload but not used within a few seconds from the window's load event. Please make sure it has an appropriate `as` value and it is preloaded intentionally. @ https://challenges.cloudflare.com/cdn-cgi/challenge-platform/h/g/turnstile/f/ov2/av0/rch/kefm1/0x4AAAAAAAIVf3Y5hIm-FfxH/auto/fbE/auto_expire/normal?lang=auto:0
[  998731ms] [ERROR] Failed to load resource: the server responded with a status of 401 () @ https://challenges.cloudflare.com/cdn-cgi/challenge-platform/h/g/pat/9d11e2da388ad1e1/1771631215895/d43e6cd0c2febded73a4e88f70d3ce89ccdb4b65df9167eb706341a53e1fabcc/0lLbbMLOToKGA_8:0
[  998745ms] [ERROR]  Note that 'script-src' was not explicitly set, so 'default-src' is used as a fallback. @ https://challenges.cloudflare.com/cdn-cgi/challenge-platform/h/g/turnstile/f/ov2/av0/rch/kefm1/0x4AAAAAAAIVf3Y5hIm-FfxH/auto/fbE/auto_expire/normal?lang=auto:0
[  999064ms] [ERROR] %c%d font-size:0;color:transparent NaN @ https://challenges.cloudflare.com/cdn-cgi/challenge-platform/h/g/turnstile/f/ov2/av0/rch/kefm1/0x4AAAAAAAIVf3Y5hIm-FfxH/auto/fbE/auto_expire/normal?lang=auto:0
[  999065ms] [ERROR] %c%d font-size:0;color:transparent NaN @ https://challenges.cloudflare.com/cdn-cgi/challenge-platform/h/g/turnstile/f/ov2/av0/rch/kefm1/0x4AAAAAAAIVf3Y5hIm-FfxH/auto/fbE/auto_expire/normal?lang=auto:0
[  999065ms] [WARNING] %c%d font-size:0;color:transparent NaN @ https://challenges.cloudflare.com/cdn-cgi/challenge-platform/h/g/turnstile/f/ov2/av0/rch/kefm1/0x4AAAAAAAIVf3Y5hIm-FfxH/auto/fbE/auto_expire/normal?lang=auto:0
[  999065ms] [WARNING] %c%d font-size:0;color:transparent NaN @ https://challenges.cloudflare.com/cdn-cgi/challenge-platform/h/g/turnstile/f/ov2/av0/rch/kefm1/0x4AAAAAAAIVf3Y5hIm-FfxH/auto/fbE/auto_expire/normal?lang=auto:0
[ 1002276ms] [WARNING] The resource https://challenges.cloudflare.com/cdn-cgi/challenge-platform/h/g/cmg/1 was preloaded using link preload but not used within a few seconds from the window's load event. Please make sure it has an appropriate `as` value and it is preloaded intentionally. @ https://challenges.cloudflare.com/cdn-cgi/challenge-platform/h/g/turnstile/f/ov2/av0/rch/kefm1/0x4AAAAAAAIVf3Y5hIm-FfxH/auto/fbE/auto_expire/normal?lang=auto:0
[ 1289869ms] [ERROR] %c%d font-size:0;color:transparent NaN @ https://challenges.cloudflare.com/cdn-cgi/challenge-platform/h/g/turnstile/f/ov2/av0/rch/kefm1/0x4AAAAAAAIVf3Y5hIm-FfxH/auto/fbE/auto_expire/normal?lang=auto:0
[ 1289869ms] [ERROR] %c%d font-size:0;color:transparent NaN @ https://challenges.cloudflare.com/cdn-cgi/challenge-platform/h/g/turnstile/f/ov2/av0/rch/kefm1/0x4AAAAAAAIVf3Y5hIm-FfxH/auto/fbE/auto_expire/normal?lang=auto:0
[ 1289870ms] [WARNING] %c%d font-size:0;color:transparent NaN @ https://challenges.cloudflare.com/cdn-cgi/challenge-platform/h/g/turnstile/f/ov2/av0/rch/kefm1/0x4AAAAAAAIVf3Y5hIm-FfxH/auto/fbE/auto_expire/normal?lang=auto:0
[ 1289870ms] [WARNING] %c%d font-size:0;color:transparent NaN @ https://challenges.cloudflare.com/cdn-cgi/challenge-platform/h/g/turnstile/f/ov2/av0/rch/kefm1/0x4AAAAAAAIVf3Y5hIm-FfxH/auto/fbE/auto_expire/normal?lang=auto:0
[ 1289915ms] [ERROR] Failed to load resource: the server responded with a status of 401 () @ https://challenges.cloudflare.com/cdn-cgi/challenge-platform/h/g/pat/9d11e9f5bf4e5b64/1771631507022/76400b2b38739fad3f384ae83b7feb188ebed02f33b76e9f196ed0335825ca7f/_kv5nIU9siwBaZf:0
[ 1289961ms] [ERROR]  Note that 'script-src' was not explicitly set, so 'default-src' is used as a fallback. @ https://challenges.cloudflare.com/cdn-cgi/challenge-platform/h/g/turnstile/f/ov2/av0/rch/kefm1/0x4AAAAAAAIVf3Y5hIm-FfxH/auto/fbE/auto_expire/normal?lang=auto:0
[ 1293272ms] [WARNING] The resource https://challenges.cloudflare.com/cdn-cgi/challenge-platform/h/g/cmg/1 was preloaded using link preload but not used within a few seconds from the window's load event. Please make sure it has an appropriate `as` value and it is preloaded intentionally. @ https://challenges.cloudflare.com/cdn-cgi/challenge-platform/h/g/turnstile/f/ov2/av0/rch/kefm1/0x4AAAAAAAIVf3Y5hIm-FfxH/auto/fbE/auto_expire/normal?lang=auto:0
[ 1581006ms] [ERROR]  Note that 'script-src' was not explicitly set, so 'default-src' is used as a fallback. @ https://challenges.cloudflare.com/cdn-cgi/challenge-platform/h/g/turnstile/f/ov2/av0/rch/kefm1/0x4AAAAAAAIVf3Y5hIm-FfxH/auto/fbE/auto_expire/normal?lang=auto:0
[ 1581158ms] [ERROR] Failed to load resource: the server responded with a status of 401 () @ https://challenges.cloudflare.com/cdn-cgi/challenge-platform/h/g/pat/9d11f1113e11aa68/1771631798153/00109bd03a9a046b5ba399a426c1b1880b2b8ee5f893de6c43d80d4e8dc55b7b/lDvw-NrCbkenczz:0
[ 1581204ms] [ERROR] %c%d font-size:0;color:transparent NaN @ https://challenges.cloudflare.com/cdn-cgi/challenge-platform/h/g/turnstile/f/ov2/av0/rch/kefm1/0x4AAAAAAAIVf3Y5hIm-FfxH/auto/fbE/auto_expire/normal?lang=auto:0
[ 1581204ms] [ERROR] %c%d font-size:0;color:transparent NaN @ https://challenges.cloudflare.com/cdn-cgi/challenge-platform/h/g/turnstile/f/ov2/av0/rch/kefm1/0x4AAAAAAAIVf3Y5hIm-FfxH/auto/fbE/auto_expire/normal?lang=auto:0
[ 1581204ms] [WARNING] %c%d font-size:0;color:transparent NaN @ https://challenges.cloudflare.com/cdn-cgi/challenge-platform/h/g/turnstile/f/ov2/av0/rch/kefm1/0x4AAAAAAAIVf3Y5hIm-FfxH/auto/fbE/auto_expire/normal?lang=auto:0
[ 1581204ms] [WARNING] %c%d font-size:0;color:transparent NaN @ https://challenges.cloudflare.com/cdn-cgi/challenge-platform/h/g/turnstile/f/ov2/av0/rch/kefm1/0x4AAAAAAAIVf3Y5hIm-FfxH/auto/fbE/auto_expire/normal?lang=auto:0
[ 1584480ms] [WARNING] The resource https://challenges.cloudflare.com/cdn-cgi/challenge-platform/h/g/cmg/1 was preloaded using link preload but not used within a few seconds from the window's load event. Please make sure it has an appropriate `as` value and it is preloaded intentionally. @ https://challenges.cloudflare.com/cdn-cgi/challenge-platform/h/g/turnstile/f/ov2/av0/rch/kefm1/0x4AAAAAAAIVf3Y5hIm-FfxH/auto/fbE/auto_expire/normal?lang=auto:0
