[   41390ms] Uncaught Error: Minified React error #425; visit https://reactjs.org/docs/error-decoder.html?invariant=425 for the full message or use the non-minified dev environment for full errors and additional helpful warnings.
    at Af (https://cdn.lazyrockets.com/_next/static/chunks/framework-a31fb0e66037d890.js:24:40417)
    at <anonymous> (https://cdn.lazyrockets.com/_next/static/chunks/framework-a31fb0e66037d890.js:24:103881)
    at Tk (https://cdn.lazyrockets.com/_next/static/chunks/framework-a31fb0e66037d890.js:24:106617)
    at Vk (https://cdn.lazyrockets.com/_next/static/chunks/framework-a31fb0e66037d890.js:24:99571)
    at <anonymous> (https://cdn.lazyrockets.com/_next/static/chunks/framework-a31fb0e66037d890.js:24:99378)
    at Jk (https://cdn.lazyrockets.com/_next/static/chunks/framework-a31fb0e66037d890.js:24:99385)
    at Hk (https://cdn.lazyrockets.com/_next/static/chunks/framework-a31fb0e66037d890.js:24:94393)
    at J (https://cdn.lazyrockets.com/_next/static/chunks/framework-a31fb0e66037d890.js:48:1379)
    at R (https://cdn.lazyrockets.com/_next/static/chunks/framework-a31fb0e66037d890.js:48:1922)
[   41391ms] Uncaught Error: Minified React error #418; visit https://reactjs.org/docs/error-decoder.html?invariant=418 for the full message or use the non-minified dev environment for full errors and additional helpful warnings.
    at Eg (https://cdn.lazyrockets.com/_next/static/chunks/framework-a31fb0e66037d890.js:24:46716)
    at j (https://cdn.lazyrockets.com/_next/static/chunks/framework-a31fb0e66037d890.js:24:121629)
    at Vk (https://cdn.lazyrockets.com/_next/static/chunks/framework-a31fb0e66037d890.js:24:99511)
    at <anonymous> (https://cdn.lazyrockets.com/_next/static/chunks/framework-a31fb0e66037d890.js:24:99378)
    at Jk (https://cdn.lazyrockets.com/_next/static/chunks/framework-a31fb0e66037d890.js:24:99385)
    at Hk (https://cdn.lazyrockets.com/_next/static/chunks/framework-a31fb0e66037d890.js:24:94393)
    at J (https://cdn.lazyrockets.com/_next/static/chunks/framework-a31fb0e66037d890.js:48:1379)
    at R (https://cdn.lazyrockets.com/_next/static/chunks/framework-a31fb0e66037d890.js:48:1922)
[   41392ms] Uncaught Error: Minified React error #418; visit https://reactjs.org/docs/error-decoder.html?invariant=418 for the full message or use the non-minified dev environment for full errors and additional helpful warnings.
    at Eg (https://cdn.lazyrockets.com/_next/static/chunks/framework-a31fb0e66037d890.js:24:46716)
    at j (https://cdn.lazyrockets.com/_next/static/chunks/framework-a31fb0e66037d890.js:24:121629)
    at Vk (https://cdn.lazyrockets.com/_next/static/chunks/framework-a31fb0e66037d890.js:24:99511)
    at <anonymous> (https://cdn.lazyrockets.com/_next/static/chunks/framework-a31fb0e66037d890.js:24:99378)
    at Jk (https://cdn.lazyrockets.com/_next/static/chunks/framework-a31fb0e66037d890.js:24:99385)
    at Hk (https://cdn.lazyrockets.com/_next/static/chunks/framework-a31fb0e66037d890.js:24:94393)
    at J (https://cdn.lazyrockets.com/_next/static/chunks/framework-a31fb0e66037d890.js:48:1379)
    at R (https://cdn.lazyrockets.com/_next/static/chunks/framework-a31fb0e66037d890.js:48:1922)
[   41392ms] Uncaught Error: Minified React error #418; visit https://reactjs.org/docs/error-decoder.html?invariant=418 for the full message or use the non-minified dev environment for full errors and additional helpful warnings.
    at Eg (https://cdn.lazyrockets.com/_next/static/chunks/framework-a31fb0e66037d890.js:24:46716)
    at j (https://cdn.lazyrockets.com/_next/static/chunks/framework-a31fb0e66037d890.js:24:121629)
    at Vk (https://cdn.lazyrockets.com/_next/static/chunks/framework-a31fb0e66037d890.js:24:99511)
    at <anonymous> (https://cdn.lazyrockets.com/_next/static/chunks/framework-a31fb0e66037d890.js:24:99378)
    at Jk (https://cdn.lazyrockets.com/_next/static/chunks/framework-a31fb0e66037d890.js:24:99385)
    at Hk (https://cdn.lazyrockets.com/_next/static/chunks/framework-a31fb0e66037d890.js:24:94393)
    at J (https://cdn.lazyrockets.com/_next/static/chunks/framework-a31fb0e66037d890.js:48:1379)
    at R (https://cdn.lazyrockets.com/_next/static/chunks/framework-a31fb0e66037d890.js:48:1922)
[   41392ms] Uncaught Error: Minified React error #418; visit https://reactjs.org/docs/error-decoder.html?invariant=418 for the full message or use the non-minified dev environment for full errors and additional helpful warnings.
    at Eg (https://cdn.lazyrockets.com/_next/static/chunks/framework-a31fb0e66037d890.js:24:46716)
    at j (https://cdn.lazyrockets.com/_next/static/chunks/framework-a31fb0e66037d890.js:24:121629)
    at Vk (https://cdn.lazyrockets.com/_next/static/chunks/framework-a31fb0e66037d890.js:24:99511)
    at <anonymous> (https://cdn.lazyrockets.com/_next/static/chunks/framework-a31fb0e66037d890.js:24:99378)
    at Jk (https://cdn.lazyrockets.com/_next/static/chunks/framework-a31fb0e66037d890.js:24:99385)
    at Hk (https://cdn.lazyrockets.com/_next/static/chunks/framework-a31fb0e66037d890.js:24:94393)
    at J (https://cdn.lazyrockets.com/_next/static/chunks/framework-a31fb0e66037d890.js:48:1379)
    at R (https://cdn.lazyrockets.com/_next/static/chunks/framework-a31fb0e66037d890.js:48:1922)
[   41393ms] Uncaught Error: Minified React error #418; visit https://reactjs.org/docs/error-decoder.html?invariant=418 for the full message or use the non-minified dev environment for full errors and additional helpful warnings.
    at Eg (https://cdn.lazyrockets.com/_next/static/chunks/framework-a31fb0e66037d890.js:24:46716)
    at j (https://cdn.lazyrockets.com/_next/static/chunks/framework-a31fb0e66037d890.js:24:121629)
    at Vk (https://cdn.lazyrockets.com/_next/static/chunks/framework-a31fb0e66037d890.js:24:99511)
    at <anonymous> (https://cdn.lazyrockets.com/_next/static/chunks/framework-a31fb0e66037d890.js:24:99378)
    at Jk (https://cdn.lazyrockets.com/_next/static/chunks/framework-a31fb0e66037d890.js:24:99385)
    at Hk (https://cdn.lazyrockets.com/_next/static/chunks/framework-a31fb0e66037d890.js:24:94393)
    at J (https://cdn.lazyrockets.com/_next/static/chunks/framework-a31fb0e66037d890.js:48:1379)
    at R (https://cdn.lazyrockets.com/_next/static/chunks/framework-a31fb0e66037d890.js:48:1922)
[   41394ms] Uncaught Error: Minified React error #418; visit https://reactjs.org/docs/error-decoder.html?invariant=418 for the full message or use the non-minified dev environment for full errors and additional helpful warnings.
    at Eg (https://cdn.lazyrockets.com/_next/static/chunks/framework-a31fb0e66037d890.js:24:46716)
    at j (https://cdn.lazyrockets.com/_next/static/chunks/framework-a31fb0e66037d890.js:24:121629)
    at Vk (https://cdn.lazyrockets.com/_next/static/chunks/framework-a31fb0e66037d890.js:24:99511)
    at <anonymous> (https://cdn.lazyrockets.com/_next/static/chunks/framework-a31fb0e66037d890.js:24:99378)
    at Jk (https://cdn.lazyrockets.com/_next/static/chunks/framework-a31fb0e66037d890.js:24:99385)
    at Hk (https://cdn.lazyrockets.com/_next/static/chunks/framework-a31fb0e66037d890.js:24:94393)
    at J (https://cdn.lazyrockets.com/_next/static/chunks/framework-a31fb0e66037d890.js:48:1379)
    at R (https://cdn.lazyrockets.com/_next/static/chunks/framework-a31fb0e66037d890.js:48:1922)
[   41394ms] Uncaught Error: Minified React error #418; visit https://reactjs.org/docs/error-decoder.html?invariant=418 for the full message or use the non-minified dev environment for full errors and additional helpful warnings.
    at Eg (https://cdn.lazyrockets.com/_next/static/chunks/framework-a31fb0e66037d890.js:24:46716)
    at j (https://cdn.lazyrockets.com/_next/static/chunks/framework-a31fb0e66037d890.js:24:121806)
    at Vk (https://cdn.lazyrockets.com/_next/static/chunks/framework-a31fb0e66037d890.js:24:99511)
    at <anonymous> (https://cdn.lazyrockets.com/_next/static/chunks/framework-a31fb0e66037d890.js:24:99378)
    at Jk (https://cdn.lazyrockets.com/_next/static/chunks/framework-a31fb0e66037d890.js:24:99385)
    at Hk (https://cdn.lazyrockets.com/_next/static/chunks/framework-a31fb0e66037d890.js:24:94393)
    at J (https://cdn.lazyrockets.com/_next/static/chunks/framework-a31fb0e66037d890.js:48:1379)
    at R (https://cdn.lazyrockets.com/_next/static/chunks/framework-a31fb0e66037d890.js:48:1922)
[   41394ms] Uncaught Error: Minified React error #418; visit https://reactjs.org/docs/error-decoder.html?invariant=418 for the full message or use the non-minified dev environment for full errors and additional helpful warnings.
    at Eg (https://cdn.lazyrockets.com/_next/static/chunks/framework-a31fb0e66037d890.js:24:46716)
    at j (https://cdn.lazyrockets.com/_next/static/chunks/framework-a31fb0e66037d890.js:24:121629)
    at Vk (https://cdn.lazyrockets.com/_next/static/chunks/framework-a31fb0e66037d890.js:24:99511)
    at <anonymous> (https://cdn.lazyrockets.com/_next/static/chunks/framework-a31fb0e66037d890.js:24:99378)
    at Jk (https://cdn.lazyrockets.com/_next/static/chunks/framework-a31fb0e66037d890.js:24:99385)
    at Hk (https://cdn.lazyrockets.com/_next/static/chunks/framework-a31fb0e66037d890.js:24:94393)
    at J (https://cdn.lazyrockets.com/_next/static/chunks/framework-a31fb0e66037d890.js:48:1379)
    at R (https://cdn.lazyrockets.com/_next/static/chunks/framework-a31fb0e66037d890.js:48:1922)
[   41394ms] Uncaught Error: Minified React error #418; visit https://reactjs.org/docs/error-decoder.html?invariant=418 for the full message or use the non-minified dev environment for full errors and additional helpful warnings.
    at Eg (https://cdn.lazyrockets.com/_next/static/chunks/framework-a31fb0e66037d890.js:24:46716)
    at j (https://cdn.lazyrockets.com/_next/static/chunks/framework-a31fb0e66037d890.js:24:121629)
    at Vk (https://cdn.lazyrockets.com/_next/static/chunks/framework-a31fb0e66037d890.js:24:99511)
    at <anonymous> (https://cdn.lazyrockets.com/_next/static/chunks/framework-a31fb0e66037d890.js:24:99378)
    at Jk (https://cdn.lazyrockets.com/_next/static/chunks/framework-a31fb0e66037d890.js:24:99385)
    at Hk (https://cdn.lazyrockets.com/_next/static/chunks/framework-a31fb0e66037d890.js:24:94393)
    at J (https://cdn.lazyrockets.com/_next/static/chunks/framework-a31fb0e66037d890.js:48:1379)
    at R (https://cdn.lazyrockets.com/_next/static/chunks/framework-a31fb0e66037d890.js:48:1922)
[   41394ms] Uncaught Error: Minified React error #418; visit https://reactjs.org/docs/error-decoder.html?invariant=418 for the full message or use the non-minified dev environment for full errors and additional helpful warnings.
    at Eg (https://cdn.lazyrockets.com/_next/static/chunks/framework-a31fb0e66037d890.js:24:46716)
    at j (https://cdn.lazyrockets.com/_next/static/chunks/framework-a31fb0e66037d890.js:24:121629)
    at Vk (https://cdn.lazyrockets.com/_next/static/chunks/framework-a31fb0e66037d890.js:24:99511)
    at <anonymous> (https://cdn.lazyrockets.com/_next/static/chunks/framework-a31fb0e66037d890.js:24:99378)
    at Jk (https://cdn.lazyrockets.com/_next/static/chunks/framework-a31fb0e66037d890.js:24:99385)
    at Hk (https://cdn.lazyrockets.com/_next/static/chunks/framework-a31fb0e66037d890.js:24:94393)
    at J (https://cdn.lazyrockets.com/_next/static/chunks/framework-a31fb0e66037d890.js:48:1379)
    at R (https://cdn.lazyrockets.com/_next/static/chunks/framework-a31fb0e66037d890.js:48:1922)
[   41394ms] Uncaught Error: Minified React error #423; visit https://reactjs.org/docs/error-decoder.html?invariant=423 for the full message or use the non-minified dev environment for full errors and additional helpful warnings.
    at j (https://cdn.lazyrockets.com/_next/static/chunks/framework-a31fb0e66037d890.js:24:121298)
    at Vk (https://cdn.lazyrockets.com/_next/static/chunks/framework-a31fb0e66037d890.js:24:99511)
    at <anonymous> (https://cdn.lazyrockets.com/_next/static/chunks/framework-a31fb0e66037d890.js:24:99378)
    at Jk (https://cdn.lazyrockets.com/_next/static/chunks/framework-a31fb0e66037d890.js:24:99385)
    at Ok (https://cdn.lazyrockets.com/_next/static/chunks/framework-a31fb0e66037d890.js:24:96105)
    at Hk (https://cdn.lazyrockets.com/_next/static/chunks/framework-a31fb0e66037d890.js:24:94661)
    at J (https://cdn.lazyrockets.com/_next/static/chunks/framework-a31fb0e66037d890.js:48:1379)
    at R (https://cdn.lazyrockets.com/_next/static/chunks/framework-a31fb0e66037d890.js:48:1922)
[   41371ms] [ERROR] Error: <svg> attribute width: Expected length, "auto". @ https://googleads.g.doubleclick.net/pagead/html/r20260218/r20190131/zrt_lookup_fy2021.html:17
[   41371ms] [ERROR] Error: <svg> attribute width: Expected length, "auto". @ https://googleads.g.doubleclick.net/pagead/html/r20260218/r20190131/zrt_lookup_fy2021.html:17
[   41575ms] [ERROR] Failed to load resource: the server responded with a status of 400 () @ https://googleads.g.doubleclick.net/pagead/ads?gdpr=0&client=ca-pub-5178885157209499&output=html&h=90&slotname=2279125655&adk=280908868&adf=803143031&pi=t.ma~as.2279125655&w=728&lmt=1771630212&rafmt=12&format=728x90&url=https%3A%2F%2Fwww.figmapedia.com%2F1cafdea8-0034-80d8-b763-f19d0bf251c0&aieuf=1&aicrs=1&uach=WyJtYWNPUyIsIjE1LjcuNCIsImFybSIsIiIsIjE0NS4wLjc2MzIuMTA5IixudWxsLDAsbnVsbCwiNjQiLFtbIk5vdDpBLUJyYW5kIiwiOTkuMC4wLjAiXSxbIkdvb2dsZSBDaHJvbWUiLCIxNDUuMC43NjMyLjEwOSJdLFsiQ2hyb21pdW0iLCIxNDUuMC43NjMyLjEwOSJdXSwwXQ..&abgtt=6&dt=1771630212098&bpp=1&bdt=1598&idt=1&shv=r20260218&mjsv=m202602170101&ptt=9&saldr=aa&abxe=1&cookie_enabled=1&eoidce=1&prev_fmts=0x0%2C1008x280%2C1693x1216%2C1005x124&nras=4&correlator=975881716168&frm=20&pv=1&u_tz=540&u_his=3&u_h=1440&u_w=3440&u_ah=1353&u_aw=3440&u_cd=24&u_sd=1&dmc=8&adx=483&ady=1062&biw=1693&bih=1216&scr_x=0&scr_y=0&eid=95378429%2C95383056%2C95379058%2C95381974&oid=2&pvsid=1475750027296434&tmod=170245005&uas=0&nvt=1&ref=https%3A%2F%2Fwww.google.com%2F&fc=1920&brdim=1724%2C33%2C1724%2C33%2C3440%2C25%2C1708%2C1337%2C1708%2C1216&vis=1&rsz=%7C%7CfeE%7C&abl=CF&pfx=0&fu=256&bc=31&bz=1&pgls=CAk.&ifi=5&uci=a!5&fsb=1&dtd=2:0
