[    6771ms] [ERROR] Attestation check for Attribution Reporting on https://www.facebook.com failed. @ https://www.wishket.com/mywishket/partners/:0
[   12162ms] [ERROR] Attestation check for Attribution Reporting on https://www.facebook.com failed. @ https://www.wishket.com/mywishket/partners/:0
[   12841ms] [ERROR] Attestation check for Attribution Reporting on https://www.facebook.com failed. @ https://www.wishket.com/partners/manage/interest/:0
[   72850ms] [ERROR] Attestation check for Attribution Reporting on https://www.google-analytics.com failed. @ https://www.wishket.com/partners/manage/interest/:0
[   81977ms] [ERROR] Attestation check for Attribution Reporting on https://www.facebook.com failed. @ https://www.wishket.com/partners/manage/interest/:0
[   82575ms] ReferenceError: fbq is not defined
    at https://www.wishket.com/project/152862/:576:7
[   82908ms] [ERROR] Attestation check for Attribution Reporting on https://www.facebook.com failed. @ https://www.wishket.com/project/152862/:0
[  142972ms] [ERROR] Attestation check for Attribution Reporting on https://www.google-analytics.com failed. @ https://www.wishket.com/project/152862/:0
[ 5162559ms] [ERROR] Attestation check for Attribution Reporting on https://www.facebook.com failed. @ https://www.wishket.com/project/152862/:0
[ 5163565ms] [ERROR] Attestation check for Attribution Reporting on https://www.facebook.com failed. @ https://www.wishket.com/partners/p/realks22/:0
[ 5167750ms] [ERROR] Attestation check for Attribution Reporting on https://www.facebook.com failed. @ https://www.wishket.com/partners/p/realks22/:0
[ 5168421ms] [ERROR] Attestation check for Attribution Reporting on https://www.facebook.com failed. @ https://www.wishket.com/partners/p/realks22/portfolio/:0
[ 5168812ms] [ERROR] Attestation check for Attribution Reporting on https://www.facebook.com failed. @ https://www.wishket.com/partners/p/realks22/portfolio/?p=1&category=&subcategory=&secret=&only_c=false&only_s=false&field_subcategory=&wippo=false:0
[ 5182224ms] [ERROR] Attestation check for Attribution Reporting on https://www.facebook.com failed. @ https://www.wishket.com/partners/p/realks22/portfolio/?p=1&category=&subcategory=&secret=&only_c=false&only_s=false&field_subcategory=&wippo=false:0
[ 5182818ms] [ERROR] Attestation check for Attribution Reporting on https://www.facebook.com failed. @ https://www.wishket.com/partners/p/realks22/info/update/:0
[ 5192731ms] [ERROR] Attestation check for Attribution Reporting on https://www.facebook.com failed. @ https://www.wishket.com/partners/p/realks22/info/update/:0
[ 5193443ms] [ERROR] Attestation check for Attribution Reporting on https://www.facebook.com failed. @ https://www.wishket.com/partners/p/realks22/portfolio/update/?p=1&category=&subcategory=&secret=&only_c=false&only_s=false&field_subcategory=&wippo=false:0
[ 5193654ms] [ERROR] Attestation check for Attribution Reporting on https://www.facebook.com failed. @ https://www.wishket.com/partners/p/realks22/portfolio/update/?p=1&category=&subcategory=&secret=&only_c=false&only_s=false&field_subcategory=&wippo=false:0
[ 5195941ms] [ERROR] Attestation check for Attribution Reporting on https://www.facebook.com failed. @ https://www.wishket.com/partners/p/realks22/portfolio/update/?p=1&category=&subcategory=&secret=&only_c=false&only_s=false&field_subcategory=&wippo=false:0
[ 5196962ms] [ERROR] Attestation check for Attribution Reporting on https://www.facebook.com failed. @ https://www.wishket.com/partners/p/realks22/portfolio/update/add/:0
[ 5256832ms] [ERROR] Attestation check for Attribution Reporting on https://www.google-analytics.com failed. @ https://www.wishket.com/partners/p/realks22/portfolio/update/add/:0
[ 5297919ms] [ERROR] Attestation check for Attribution Reporting on https://www.facebook.com failed. @ https://www.wishket.com/partners/p/realks22/portfolio/update/add/:0
[ 5300812ms] [ERROR] Attestation check for Attribution Reporting on https://www.facebook.com failed. @ https://www.wishket.com/partners/p/realks22/portfolio/update/add/:0
[ 5305047ms] [ERROR] Attestation check for Attribution Reporting on https://www.facebook.com failed. @ https://www.wishket.com/partners/p/realks22/portfolio/update/add/:0
[ 5305294ms] [ERROR] Attestation check for Attribution Reporting on https://www.facebook.com failed. @ https://www.wishket.com/partners/p/realks22/portfolio/update/add/:0
[ 5306140ms] [ERROR] Attestation check for Attribution Reporting on https://www.facebook.com failed. @ https://www.wishket.com/partners/p/realks22/portfolio/update/add/:0
[ 5312459ms] [ERROR] Attestation check for Attribution Reporting on https://www.facebook.com failed. @ https://www.wishket.com/partners/p/realks22/portfolio/update/add/:0
[ 5313388ms] [ERROR] Attestation check for Attribution Reporting on https://www.facebook.com failed. @ https://www.wishket.com/partners/p/realks22/portfolio/update/add/:0
[ 5313605ms] [ERROR] Attestation check for Attribution Reporting on https://www.facebook.com failed. @ https://www.wishket.com/partners/p/realks22/portfolio/update/add/:0
[ 5957695ms] [ERROR] Attestation check for Attribution Reporting on https://www.facebook.com failed. @ https://www.wishket.com/partners/p/realks22/portfolio/update/add/:0
[ 5958835ms] [ERROR] Attestation check for Attribution Reporting on https://www.facebook.com failed. @ https://www.wishket.com/partners/p/realks22/portfolio/update/?p=1&category=&subcategory=&secret=&only_c=false&only_s=false&field_subcategory=&wippo=false:0
[ 5958887ms] [ERROR] Attestation check for Attribution Reporting on https://www.facebook.com failed. @ https://www.wishket.com/partners/p/realks22/portfolio/update/?p=1&category=&subcategory=&secret=&only_c=false&only_s=false&field_subcategory=&wippo=false:0
[ 5963911ms] [ERROR] Attestation check for Attribution Reporting on https://www.facebook.com failed. @ https://www.wishket.com/partners/p/realks22/portfolio/update/?p=1&category=&subcategory=&secret=&only_c=false&only_s=false&field_subcategory=&wippo=false:0
[ 5965782ms] [ERROR] Attestation check for Attribution Reporting on https://www.facebook.com failed. @ https://www.wishket.com/partners/p/realks22/portfolio/update/?p=1&category=&subcategory=&secret=&only_c=false&only_s=false&field_subcategory=&wippo=false:0
[ 5966897ms] [ERROR] Attestation check for Attribution Reporting on https://www.facebook.com failed. @ https://www.wishket.com/partners/p/realks22/portfolio/288155/update/edit/:0
[ 5984202ms] [ERROR] Attestation check for Attribution Reporting on https://www.facebook.com failed. @ https://www.wishket.com/partners/p/realks22/portfolio/288155/update/edit/:0
[ 5998672ms] [ERROR] Attestation check for Attribution Reporting on https://www.facebook.com failed. @ https://www.wishket.com/partners/p/realks22/portfolio/288155/update/edit/:0
[ 5999829ms] [ERROR] Attestation check for Attribution Reporting on https://www.facebook.com failed. @ https://www.wishket.com/partners/p/realks22/portfolio/update/:0
[ 6000546ms] [ERROR] Attestation check for Attribution Reporting on https://www.facebook.com failed. @ https://www.wishket.com/partners/p/realks22/portfolio/update/?p=1&category=&subcategory=&secret=&only_c=false&only_s=false&field_subcategory=&wippo=false:0
[ 6004254ms] [ERROR] Attestation check for Attribution Reporting on https://www.facebook.com failed. @ https://www.wishket.com/partners/p/realks22/portfolio/update/?p=1&category=&subcategory=&secret=&only_c=false&only_s=false&field_subcategory=&wippo=false:0
[ 6019713ms] [ERROR] Attestation check for Attribution Reporting on https://www.facebook.com failed. @ https://www.wishket.com/partners/p/realks22/portfolio/update/?p=1&category=&subcategory=&secret=&only_c=false&only_s=false&field_subcategory=&wippo=false:0
[ 6020788ms] [ERROR] Attestation check for Attribution Reporting on https://www.facebook.com failed. @ https://www.wishket.com/partners/p/realks22/portfolio/update/add/:0
[ 6080677ms] [ERROR] Attestation check for Attribution Reporting on https://www.google-analytics.com failed. @ https://www.wishket.com/partners/p/realks22/portfolio/update/add/:0
[ 6964176ms] [ERROR] Attestation check for Attribution Reporting on https://www.facebook.com failed. @ https://www.wishket.com/partners/p/realks22/portfolio/update/add/:0
[ 6965157ms] [ERROR] Attestation check for Attribution Reporting on https://www.facebook.com failed. @ https://www.wishket.com/mywishket/partners/:0
[ 6971798ms] [ERROR] Attestation check for Attribution Reporting on https://www.facebook.com failed. @ https://www.wishket.com/mywishket/partners/:0
[ 6972596ms] [ERROR] Attestation check for Attribution Reporting on https://www.facebook.com failed. @ https://www.wishket.com/partners/p/realks22/:0
[ 6974954ms] [ERROR] Attestation check for Attribution Reporting on https://www.facebook.com failed. @ https://www.wishket.com/partners/p/realks22/:0
[ 6975712ms] [ERROR] Attestation check for Attribution Reporting on https://www.facebook.com failed. @ https://www.wishket.com/partners/p/realks22/portfolio/:0
[ 6976146ms] [ERROR] Attestation check for Attribution Reporting on https://www.facebook.com failed. @ https://www.wishket.com/partners/p/realks22/portfolio/?p=1&category=&subcategory=&secret=&only_c=false&only_s=false&field_subcategory=&wippo=false:0
[ 6977250ms] [ERROR] Attestation check for Attribution Reporting on https://www.facebook.com failed. @ https://www.wishket.com/partners/p/realks22/portfolio/288156:0
[ 7035604ms] [ERROR] Attestation check for Attribution Reporting on https://www.google-analytics.com failed. @ https://www.wishket.com/partners/p/realks22/portfolio/288156:0
